2018-12-20 15:48:14: Reading: 2013.csv
2018-12-20 15:48:15: Readed (54,99770): 2013.csv
2018-12-20 15:48:15: Loaded (55,99770): 2013.csv
2018-12-20 15:48:15: Reading: 2004.DBF
2018-12-20 15:48:21: Readed (50,86138): 2004.DBF
2018-12-20 15:48:21: Loaded (51,86138): 2004.DBF
2018-12-20 15:48:21: Reading: 2005.dbf
2018-12-20 15:48:27: Readed (50,86102): 2005.dbf
2018-12-20 15:48:27: Loaded (51,86102): 2005.dbf
2018-12-20 15:48:27: Reading: 2010.mdb
2018-12-20 16:00:36: Reading: 2013.csv
2018-12-20 16:00:37: Readed (54,99770): 2013.csv
2018-12-20 16:00:37: Loaded (55,99770): 2013.csv
2018-12-20 16:00:37: Reading: 2004.DBF
2018-12-20 16:00:43: Readed (50,86138): 2004.DBF
2018-12-20 16:00:43: Loaded (51,86138): 2004.DBF
2018-12-20 16:00:43: Reading: 2005.dbf
2018-12-20 16:00:49: Readed (50,86102): 2005.dbf
2018-12-20 16:00:49: Loaded (51,86102): 2005.dbf
2018-12-20 16:00:49: Reading: 2010.mdb
2018-12-20 16:00:50: Readed (50,97930): 2010.mdb
2018-12-20 16:00:50: Loaded (51,97930): 2010.mdb
2018-12-20 16:00:50: Reading: 2003.mdb
2018-12-20 16:00:51: Readed (50,83672): 2003.mdb
2018-12-20 16:00:51: Loaded (51,83672): 2003.mdb
2018-12-20 16:00:51: Reading: 2014.csv
2018-12-20 16:00:52: Readed (54,101960): 2014.csv
2018-12-20 16:00:52: Loaded (55,101960): 2014.csv
2018-12-20 16:00:52: Reading: 2016.csv
2018-12-20 16:00:52: Readed (50,104026): 2016.csv
2018-12-20 16:00:52: Loaded (51,104026): 2016.csv
2018-12-20 16:00:52: Reading: 1999.csv
2018-12-20 16:00:53: Readed (50,81984): 1999.csv
2018-12-20 16:00:53: Loaded (51,81984): 1999.csv
2018-12-20 16:00:53: Reading: 2001.DBF
2018-12-20 16:00:59: Readed (49,81871): 2001.DBF
2018-12-20 16:00:59: Loaded (50,81871): 2001.DBF
2018-12-20 16:00:59: Reading: 2009.mdb
2018-12-20 16:01:00: Readed (51,91965): 2009.mdb
2018-12-20 16:01:00: Loaded (52,91965): 2009.mdb
2018-12-20 16:01:00: Reading: 2006.DBF
2018-12-20 16:01:05: Readed (50,85639): 2006.DBF
2018-12-20 16:01:05: Loaded (51,85639): 2006.DBF
2018-12-20 16:01:05: Reading: 2012.accdb
2018-12-20 16:01:09: Readed (57,98711): 2012.accdb
2018-12-20 16:01:09: Loaded (58,98711): 2012.accdb
2018-12-20 16:01:09: Reading: 2011.csv
2018-12-20 16:01:10: Readed (55,94985): 2011.csv
2018-12-20 16:01:10: Loaded (56,94985): 2011.csv
2018-12-20 16:01:10: Reading: 2008.mdb
2018-12-20 16:01:13: Readed (50,90168): 2008.mdb
2018-12-20 16:01:13: Loaded (51,90168): 2008.mdb
2018-12-20 16:01:13: Reading: 1998.csv
2018-12-20 16:01:14: Readed (50,80257): 1998.csv
2018-12-20 16:01:14: Loaded (51,80257): 1998.csv
2018-12-20 16:01:14: Reading: 2002.mdb
2018-12-20 18:56:28: Reading: 2005.dbf
2018-12-20 18:56:34: Readed (50,86102): 2005.dbf
2018-12-20 18:56:34: Loaded (51,86102): 2005.dbf
2018-12-20 18:56:34: Reading: 2001.DBF
2018-12-20 18:56:40: Readed (49,81871): 2001.DBF
2018-12-20 18:56:40: Loaded (50,81871): 2001.DBF
2018-12-20 18:56:40: Reading: 2013.csv
2018-12-20 18:56:40: Readed (54,99770): 2013.csv
2018-12-20 18:56:40: Loaded (55,99770): 2013.csv
2018-12-20 18:56:40: Reading: 2008.mdb
2018-12-20 18:57:26: Reading: 2005.dbf
2018-12-20 18:57:32: Readed (50,86102): 2005.dbf
2018-12-20 18:57:32: Loaded (51,86102): 2005.dbf
2018-12-20 18:57:32: Reading: 2001.DBF
2018-12-20 18:57:38: Readed (49,81871): 2001.DBF
2018-12-20 18:57:38: Loaded (50,81871): 2001.DBF
2018-12-20 18:57:38: Reading: 2013.csv
2018-12-20 18:57:39: Readed (54,99770): 2013.csv
2018-12-20 18:57:39: Loaded (55,99770): 2013.csv
2018-12-20 18:57:39: Reading: 2008.mdb
2018-12-20 18:57:42: Readed (50,90168): 2008.mdb
2018-12-20 18:57:42: Loaded (51,90168): 2008.mdb
2018-12-20 18:57:42: Reading: 1998.csv
2018-12-20 18:57:43: Readed (50,80257): 1998.csv
2018-12-20 18:57:43: Loaded (51,80257): 1998.csv
2018-12-20 18:57:43: Reading: 2015.xlsx
2018-12-20 18:58:34: Readed (54,103327): 2015.xlsx
2018-12-20 18:58:34: Loaded (55,103327): 2015.xlsx
2018-12-20 18:58:34: Reading: 2006.DBF
2018-12-20 18:58:39: Readed (50,85639): 2006.DBF
2018-12-20 18:58:39: Loaded (51,85639): 2006.DBF
2018-12-20 18:58:39: Reading: 1999.csv
2018-12-20 18:58:39: Readed (50,81984): 1999.csv
2018-12-20 18:58:39: Loaded (51,81984): 1999.csv
2018-12-20 18:58:39: Reading: 2012.accdb
2018-12-20 18:58:43: Readed (57,98711): 2012.accdb
2018-12-20 18:58:43: Loaded (58,98711): 2012.accdb
2018-12-20 18:58:43: Reading: 2014.csv
2018-12-20 18:58:44: Readed (54,101960): 2014.csv
2018-12-20 18:58:44: Loaded (55,101960): 2014.csv
2018-12-20 18:58:44: Reading: 2000.csv
2018-12-20 18:58:44: Readed (50,78814): 2000.csv
2018-12-20 18:58:44: Loaded (51,78814): 2000.csv
2018-12-20 18:58:44: Reading: 2011.csv
2018-12-20 18:58:45: Readed (55,94985): 2011.csv
2018-12-20 18:58:45: Loaded (56,94985): 2011.csv
2018-12-20 18:58:45: Reading: 2004.DBF
2018-12-20 18:58:51: Readed (50,86138): 2004.DBF
2018-12-20 18:58:51: Loaded (51,86138): 2004.DBF
2018-12-20 18:58:51: Reading: 2010.mdb
2018-12-20 18:58:52: Readed (50,97930): 2010.mdb
2018-12-20 18:58:52: Loaded (51,97930): 2010.mdb
2018-12-20 18:58:52: Reading: 2003.mdb
2018-12-20 18:58:53: Readed (50,83672): 2003.mdb
2018-12-20 18:58:53: Loaded (51,83672): 2003.mdb
2018-12-20 18:58:53: Reading: 2009.mdb
2018-12-20 18:58:54: Readed (51,91965): 2009.mdb
2018-12-20 18:58:54: Loaded (52,91965): 2009.mdb
2018-12-20 18:58:54: Reading: 2016.csv
2018-12-20 18:58:55: Readed (50,104026): 2016.csv
2018-12-20 18:58:55: Loaded (51,104026): 2016.csv
2018-12-20 18:58:55: Reading: 2002.mdb
2018-12-20 18:58:56: Readed (50,81079): 2002.mdb
2018-12-20 18:58:56: Loaded (51,81079): 2002.mdb
2018-12-20 18:58:56: Reading: 2007.mdb
2018-12-20 18:58:57: Readed (50,93000): 2007.mdb
2018-12-20 18:58:57: Loaded (51,93000): 2007.mdb
2018-12-20 19:04:41: Total in: 1721398
2018-12-20 19:04:41: Total out: 1721398
2018-12-20 20:01:55: Reading: 2004.DBF
2018-12-20 20:02:01: Readed (50,86138): 2004.DBF
2018-12-20 20:02:01: Loaded (51,86138): 2004.DBF
2018-12-20 20:02:01: Reading: 2002.mdb
2018-12-20 20:02:02: Readed (50,81079): 2002.mdb
2018-12-20 20:02:02: Loaded (51,81079): 2002.mdb
2018-12-20 20:02:02: Reading: 2010.mdb
2018-12-20 20:02:03: Readed (50,97930): 2010.mdb
2018-12-20 20:02:03: Loaded (51,97930): 2010.mdb
2018-12-20 20:02:03: Reading: 2005.dbf
2018-12-20 20:02:09: Readed (50,86102): 2005.dbf
2018-12-20 20:02:09: Loaded (51,86102): 2005.dbf
2018-12-20 20:02:09: Reading: 2011.csv
2018-12-20 20:02:10: Readed (55,94985): 2011.csv
2018-12-20 20:02:10: Loaded (56,94985): 2011.csv
2018-12-20 20:02:10: Reading: 1999.csv
2018-12-20 20:02:10: Readed (50,81984): 1999.csv
2018-12-20 20:02:10: Loaded (51,81984): 1999.csv
2018-12-20 20:02:10: Reading: 2014.csv
2018-12-20 20:02:11: Readed (54,101960): 2014.csv
2018-12-20 20:02:11: Loaded (55,101960): 2014.csv
2018-12-20 20:02:11: Reading: 2006.DBF
2018-12-20 20:02:16: Readed (50,85639): 2006.DBF
2018-12-20 20:02:16: Loaded (51,85639): 2006.DBF
2018-12-20 20:02:16: Reading: 2009.mdb
2018-12-20 20:02:17: Readed (51,91965): 2009.mdb
2018-12-20 20:02:17: Loaded (52,91965): 2009.mdb
2018-12-20 20:02:17: Reading: 2007.mdb
2018-12-20 20:02:18: Readed (50,93000): 2007.mdb
2018-12-20 20:02:18: Loaded (51,93000): 2007.mdb
2018-12-20 20:02:18: Reading: 2001.DBF
2018-12-20 20:02:24: Readed (49,81871): 2001.DBF
2018-12-20 20:02:24: Loaded (50,81871): 2001.DBF
2018-12-20 20:02:24: Reading: 2016.csv
2018-12-20 20:02:25: Readed (50,104026): 2016.csv
2018-12-20 20:02:25: Loaded (51,104026): 2016.csv
2018-12-20 20:02:25: Reading: 2015.xlsx
2018-12-20 20:03:14: Readed (54,103327): 2015.xlsx
2018-12-20 20:03:14: Loaded (55,103327): 2015.xlsx
2018-12-20 20:03:14: Reading: 2003.mdb
2018-12-20 20:03:15: Readed (50,83672): 2003.mdb
2018-12-20 20:03:15: Loaded (51,83672): 2003.mdb
2018-12-20 20:03:15: Reading: 2000.csv
2018-12-20 20:03:15: Readed (50,78814): 2000.csv
2018-12-20 20:03:15: Loaded (51,78814): 2000.csv
2018-12-20 20:03:15: Reading: 1998.csv
2018-12-20 20:03:16: Readed (50,80257): 1998.csv
2018-12-20 20:03:16: Loaded (51,80257): 1998.csv
2018-12-20 20:03:16: Reading: 2008.mdb
2018-12-20 20:03:19: Readed (50,90168): 2008.mdb
2018-12-20 20:03:19: Loaded (51,90168): 2008.mdb
2018-12-20 20:03:19: Reading: 2012.accdb
2018-12-20 20:03:23: Readed (57,98711): 2012.accdb
2018-12-20 20:03:23: Loaded (58,98711): 2012.accdb
2018-12-20 20:03:23: Reading: 2013.csv
2018-12-20 20:03:24: Readed (54,99770): 2013.csv
2018-12-20 20:03:24: Loaded (55,99770): 2013.csv
2018-12-20 20:03:24: Total in: 1721398
2018-12-20 20:03:24: Total out: 1721398
2018-12-20 20:06:12: Reading: 2004.DBF
2018-12-20 20:06:18: Readed (50,86138): 2004.DBF
2018-12-20 20:06:18: Loaded (51,86138): 2004.DBF
2018-12-20 20:06:18: Reading: 2002.mdb
2018-12-20 20:06:19: Readed (50,81079): 2002.mdb
2018-12-20 20:06:19: Loaded (51,81079): 2002.mdb
2018-12-20 20:06:19: Reading: 2010.mdb
2018-12-20 20:06:20: Readed (50,97930): 2010.mdb
2018-12-20 20:06:20: Loaded (51,97930): 2010.mdb
2018-12-20 20:06:20: Reading: 2005.dbf
2018-12-20 20:06:26: Readed (50,86102): 2005.dbf
2018-12-20 20:06:26: Loaded (51,86102): 2005.dbf
2018-12-20 20:06:26: Reading: 2011.csv
2018-12-20 20:06:27: Readed (55,94985): 2011.csv
2018-12-20 20:06:27: Loaded (56,94985): 2011.csv
2018-12-20 20:06:27: Reading: 1999.csv
2018-12-20 20:06:27: Readed (50,81984): 1999.csv
2018-12-20 20:06:27: Loaded (51,81984): 1999.csv
2018-12-20 20:06:27: Reading: 2014.csv
2018-12-20 20:06:28: Readed (54,101960): 2014.csv
2018-12-20 20:06:28: Loaded (55,101960): 2014.csv
2018-12-20 20:06:28: Reading: 2006.DBF
2018-12-20 20:06:33: Readed (50,85639): 2006.DBF
2018-12-20 20:06:33: Loaded (51,85639): 2006.DBF
2018-12-20 20:06:33: Reading: 2009.mdb
2018-12-20 20:06:34: Readed (51,91965): 2009.mdb
2018-12-20 20:06:34: Loaded (52,91965): 2009.mdb
2018-12-20 20:06:34: Reading: 2007.mdb
2018-12-20 20:06:35: Readed (50,93000): 2007.mdb
2018-12-20 20:06:35: Loaded (51,93000): 2007.mdb
2018-12-20 20:06:35: Reading: 2001.DBF
2018-12-20 20:06:41: Readed (49,81871): 2001.DBF
2018-12-20 20:06:41: Loaded (50,81871): 2001.DBF
2018-12-20 20:06:41: Reading: 2016.csv
2018-12-20 20:06:42: Readed (50,104026): 2016.csv
2018-12-20 20:06:42: Loaded (51,104026): 2016.csv
2018-12-20 20:06:42: Reading: 2015.xlsx
2018-12-20 20:07:31: Readed (54,103327): 2015.xlsx
2018-12-20 20:07:31: Loaded (55,103327): 2015.xlsx
2018-12-20 20:07:31: Reading: 2003.mdb
2018-12-20 20:07:32: Readed (50,83672): 2003.mdb
2018-12-20 20:07:32: Loaded (51,83672): 2003.mdb
2018-12-20 20:07:32: Reading: 2000.csv
2018-12-20 20:07:33: Readed (50,78814): 2000.csv
2018-12-20 20:07:33: Loaded (51,78814): 2000.csv
2018-12-20 20:07:33: Reading: 1998.csv
2018-12-20 20:07:33: Readed (50,80257): 1998.csv
2018-12-20 20:07:33: Loaded (51,80257): 1998.csv
2018-12-20 20:07:33: Reading: 2008.mdb
2018-12-20 20:07:36: Readed (50,90168): 2008.mdb
2018-12-20 20:07:36: Loaded (51,90168): 2008.mdb
2018-12-20 20:07:36: Reading: 2012.accdb
2018-12-20 20:07:40: Readed (57,98711): 2012.accdb
2018-12-20 20:07:40: Loaded (58,98711): 2012.accdb
2018-12-20 20:07:40: Reading: 2013.csv
2018-12-20 20:07:41: Readed (54,99770): 2013.csv
2018-12-20 20:07:41: Loaded (55,99770): 2013.csv
2018-12-20 20:07:41: Total in: 1721398
2018-12-20 20:07:41: Total out: 1721398
2018-12-20 20:09:39: Reading: 2004.DBF
2018-12-20 20:09:45: Readed (50,86138): 2004.DBF
2018-12-20 20:09:45: Loaded (51,86138): 2004.DBF
2018-12-20 20:09:45: Reading: 2002.mdb
2018-12-20 20:09:46: Readed (50,81079): 2002.mdb
2018-12-20 20:09:46: Loaded (51,81079): 2002.mdb
2018-12-20 20:09:46: Reading: 2010.mdb
2018-12-20 20:09:48: Readed (50,97930): 2010.mdb
2018-12-20 20:09:48: Loaded (51,97930): 2010.mdb
2018-12-20 20:09:48: Reading: 2005.dbf
2018-12-20 20:09:53: Readed (50,86102): 2005.dbf
2018-12-20 20:09:53: Loaded (51,86102): 2005.dbf
2018-12-20 20:09:53: Reading: 2011.csv
2018-12-20 20:09:54: Readed (55,94985): 2011.csv
2018-12-20 20:09:54: Loaded (56,94985): 2011.csv
2018-12-20 20:09:54: Reading: 1999.csv
2018-12-20 20:09:55: Readed (50,81984): 1999.csv
2018-12-20 20:09:55: Loaded (51,81984): 1999.csv
2018-12-20 20:09:55: Reading: 2014.csv
2018-12-20 20:09:55: Readed (54,101960): 2014.csv
2018-12-20 20:09:55: Loaded (55,101960): 2014.csv
2018-12-20 20:09:55: Reading: 2006.DBF
2018-12-20 20:10:00: Readed (50,85639): 2006.DBF
2018-12-20 20:10:00: Loaded (51,85639): 2006.DBF
2018-12-20 20:10:00: Reading: 2009.mdb
2018-12-20 20:10:02: Readed (51,91965): 2009.mdb
2018-12-20 20:10:02: Loaded (52,91965): 2009.mdb
2018-12-20 20:10:02: Reading: 2007.mdb
2018-12-20 20:10:03: Readed (50,93000): 2007.mdb
2018-12-20 20:10:03: Loaded (51,93000): 2007.mdb
2018-12-20 20:10:03: Reading: 2001.DBF
2018-12-20 20:10:08: Readed (49,81871): 2001.DBF
2018-12-20 20:10:08: Loaded (50,81871): 2001.DBF
2018-12-20 20:10:08: Reading: 2016.csv
2018-12-20 20:10:09: Readed (50,104026): 2016.csv
2018-12-20 20:10:09: Loaded (51,104026): 2016.csv
2018-12-20 20:10:09: Reading: 2015.xlsx
2018-12-20 20:11:00: Readed (54,103327): 2015.xlsx
2018-12-20 20:11:00: Loaded (55,103327): 2015.xlsx
2018-12-20 20:11:00: Reading: 2003.mdb
2018-12-20 20:11:01: Readed (50,83672): 2003.mdb
2018-12-20 20:11:01: Loaded (51,83672): 2003.mdb
2018-12-20 20:11:01: Reading: 2000.csv
2018-12-20 20:11:01: Readed (50,78814): 2000.csv
2018-12-20 20:11:01: Loaded (51,78814): 2000.csv
2018-12-20 20:11:01: Reading: 1998.csv
2018-12-20 20:11:01: Readed (50,80257): 1998.csv
2018-12-20 20:11:01: Loaded (51,80257): 1998.csv
2018-12-20 20:11:01: Reading: 2008.mdb
2018-12-20 20:11:05: Readed (50,90168): 2008.mdb
2018-12-20 20:11:05: Loaded (51,90168): 2008.mdb
2018-12-20 20:11:05: Reading: 2012.accdb
2018-12-20 20:11:09: Readed (57,98711): 2012.accdb
2018-12-20 20:11:09: Loaded (58,98711): 2012.accdb
2018-12-20 20:11:09: Reading: 2013.csv
2018-12-20 20:11:09: Readed (54,99770): 2013.csv
2018-12-20 20:11:09: Loaded (55,99770): 2013.csv
2018-12-20 20:11:09: Total in: 1721398
2018-12-20 20:11:09: Total out: 1721398
